  main.cpp
C:\Users\18386\Desktop\新建文件夹\DS\Vector\Vector\Vector_fun.h(192,22): warning C4018: “<”: 有符号/无符号不匹配
C:\Users\18386\Desktop\新建文件夹\DS\Vector\Vector\Vector_fun.h(190): message : 在编译 类 模板 成员函数“int Vector<Complex>::Find(int,int,Rank,Rank)”时
C:\Users\18386\Desktop\新建文件夹\DS\complex\complex\main.cpp(163): message : 查看对正在编译的函数 模板 实例化“int Vector<Complex>::Find(int,int,Rank,Rank)”的引用
C:\Users\18386\Desktop\新建文件夹\DS\complex\complex\main.cpp(18): message : 查看对正在编译的 类 模板 实例化“Vector<Complex>”的引用
C:\Users\18386\Desktop\新建文件夹\DS\Vector\Vector\Vector_fun.h(35,20): warning C4018: “<”: 有符号/无符号不匹配
C:\Users\18386\Desktop\新建文件夹\DS\Vector\Vector\Vector_fun.h(23): message : 在编译 类 模板 成员函数“void Vector<Complex>::expand(void)”时
C:\Users\18386\Desktop\新建文件夹\DS\Vector\Vector\Vector_fun.h(273): message : 查看对正在编译的函数 模板 实例化“void Vector<Complex>::expand(void)”的引用
C:\Users\18386\Desktop\新建文件夹\DS\Vector\Vector\Vector_fun.h(15): message : 在编译 类 模板 成员函数“void Vector<Complex>::copyFrom(const T *,Rank,Rank)”时
          with
          [
              T=Complex
          ]
C:\Users\18386\Desktop\新建文件夹\DS\Vector\Vector\Vector.h(34): message : 查看对正在编译的函数 模板 实例化“void Vector<Complex>::copyFrom(const T *,Rank,Rank)”的引用
          with
          [
              T=Complex
          ]
C:\Users\18386\Desktop\新建文件夹\DS\Vector\Vector\Vector_fun.h(130,21): warning C4018: “<”: 有符号/无符号不匹配
C:\Users\18386\Desktop\新建文件夹\DS\Vector\Vector\Vector_fun.h(126): message : 在编译 类 模板 成员函数“void Vector<Complex>::merge(Rank,Rank,Rank)”时
C:\Users\18386\Desktop\新建文件夹\DS\Vector\Vector\Vector_fun.h(148): message : 查看对正在编译的函数 模板 实例化“void Vector<Complex>::merge(Rank,Rank,Rank)”的引用
C:\Users\18386\Desktop\新建文件夹\DS\Vector\Vector\Vector_fun.h(133,36): warning C4018: “<”: 有符号/无符号不匹配
C:\Users\18386\Desktop\新建文件夹\DS\Vector\Vector\Vector_fun.h(133,48): warning C4018: “<”: 有符号/无符号不匹配
C:\Users\18386\Desktop\新建文件夹\DS\Vector\Vector\Vector_fun.h(135,10): warning C4018: “<”: 有符号/无符号不匹配
C:\Users\18386\Desktop\新建文件夹\DS\Vector\Vector\Vector_fun.h(135,24): warning C4018: “<”: 有符号/无符号不匹配
C:\Users\18386\Desktop\新建文件夹\DS\Vector\Vector\Vector_fun.h(136,10): warning C4018: “<”: 有符号/无符号不匹配
C:\Users\18386\Desktop\新建文件夹\DS\Vector\Vector\Vector_fun.h(136,24): warning C4018: “<”: 有符号/无符号不匹配
C:\Users\18386\Desktop\新建文件夹\DS\Vector\Vector\Vector_fun.h(55,20): warning C4018: “<”: 有符号/无符号不匹配
C:\Users\18386\Desktop\新建文件夹\DS\Vector\Vector\Vector_fun.h(44): message : 在编译 类 模板 成员函数“void Vector<Complex>::shrink(void)”时
C:\Users\18386\Desktop\新建文件夹\DS\Vector\Vector\Vector_fun.h(267): message : 查看对正在编译的函数 模板 实例化“void Vector<Complex>::shrink(void)”的引用
C:\Users\18386\Desktop\新建文件夹\DS\Vector\Vector\Vector_fun.h(7): message : 在编译 类 模板 成员函数“void Vector<Complex>::swap(T &,T &)”时
          with
          [
              T=Complex
          ]
C:\Users\18386\Desktop\新建文件夹\DS\Vector\Vector\Vector_fun.h(301): message : 查看对正在编译的函数 模板 实例化“void Vector<Complex>::swap(T &,T &)”的引用
          with
          [
              T=Complex
          ]
  complex.vcxproj -> C:\Users\18386\Desktop\新建文件夹\DS\complex\x64\Debug\complex.exe
