  calculator.cpp
C:\Users\18386\Desktop\新建文件夹\dsds\Homework\HW2\calculator\calculator.cpp(56,49): warning C4244: “参数”: 从“float”转换到“int”，可能丢失数据
C:\Users\18386\Desktop\新建文件夹\dsds\Vector\Vector_fun.h(35,20): warning C4018: “<”: 有符号/无符号不匹配
C:\Users\18386\Desktop\新建文件夹\dsds\Vector\Vector_fun.h(23): message : 在编译 类 模板 成员函数“void Vector<T>::expand(void)”时
          with
          [
              T=float
          ]
C:\Users\18386\Desktop\新建文件夹\dsds\Vector\Vector_fun.h(273): message : 查看对正在编译的函数 模板 实例化“void Vector<T>::expand(void)”的引用
          with
          [
              T=float
          ]
C:\Users\18386\Desktop\新建文件夹\dsds\Vector\Vector_fun.h(255): message : 在编译 类 模板 成员函数“T Vector<T>::remove(Rank)”时
          with
          [
              T=float
          ]
C:\Users\18386\Desktop\新建文件夹\dsds\Stack\Stack.h(9): message : 查看对正在编译的函数 模板 实例化“T Vector<T>::remove(Rank)”的引用
          with
          [
              T=float
          ]
C:\Users\18386\Desktop\新建文件夹\dsds\Stack\Stack.h(6): message : 查看对正在编译的 类 模板 实例化“Vector<T>”的引用
          with
          [
              T=float
          ]
C:\Users\18386\Desktop\新建文件夹\dsds\Homework\HW2\calculator\calculator.cpp(52): message : 查看对正在编译的 类 模板 实例化“Stack<float>”的引用
C:\Users\18386\Desktop\新建文件夹\dsds\Vector\Vector_fun.h(55,20): warning C4018: “<”: 有符号/无符号不匹配
C:\Users\18386\Desktop\新建文件夹\dsds\Vector\Vector_fun.h(44): message : 在编译 类 模板 成员函数“void Vector<T>::shrink(void)”时
          with
          [
              T=float
          ]
C:\Users\18386\Desktop\新建文件夹\dsds\Vector\Vector_fun.h(267): message : 查看对正在编译的函数 模板 实例化“void Vector<T>::shrink(void)”的引用
          with
          [
              T=float
          ]
C:\Users\18386\Desktop\新建文件夹\dsds\Vector\Vector_fun.h(23): message : 在编译 类 模板 成员函数“void Vector<T>::expand(void)”时
          with
          [
              T=float
          ]
C:\Users\18386\Desktop\新建文件夹\dsds\Vector\Vector_fun.h(273): message : 查看对正在编译的函数 模板 实例化“void Vector<T>::expand(void)”的引用
          with
          [
              T=float
          ]
C:\Users\18386\Desktop\新建文件夹\dsds\Homework\HW2\calculator\calculator.cpp(36): warning C4715: “change”: 不是所有的控件路径都返回值
C:\Users\18386\Desktop\新建文件夹\dsds\Homework\HW2\calculator\calculator.cpp(67): warning C4715: “calcu”: 不是所有的控件路径都返回值
  calculator.vcxproj -> C:\Users\18386\Desktop\新建文件夹\dsds\Homework\HW2\calculator\x64\Debug\calculator.exe
